<?xml version="1.0" encoding="UTF-8"?>
<testng-results skipped="0" failed="0" ignored="0" total="2" passed="2">
  <reporter-output>
  </reporter-output>
  <suite name="Command line suite" duration-ms="24442" started-at="2021-05-28T10:29:08Z" finished-at="2021-05-28T10:29:32Z">
    <groups>
    </groups>
    <test name="Command line test" duration-ms="24442" started-at="2021-05-28T10:29:08Z" finished-at="2021-05-28T10:29:32Z">
      <class name="Package1.NewTest">
        <test-method status="PASS" signature="f()[pri:0, instance:Package1.NewTest@566776ad]" name="f" duration-ms="9148" started-at="2021-05-28T10:29:08Z" finished-at="2021-05-28T10:29:17Z">
          <reporter-output>
          </reporter-output>
        </test-method> <!-- f -->
        <test-method status="PASS" signature="f1()[pri:0, instance:Package1.NewTest@566776ad]" name="f1" duration-ms="15267" started-at="2021-05-28T10:29:17Z" finished-at="2021-05-28T10:29:32Z">
          <reporter-output>
          </reporter-output>
        </test-method> <!-- f1 -->
      </class> <!-- Package1.NewTest -->
    </test> <!-- Command line test -->
  </suite> <!-- Command line suite -->
</testng-results>
